<?xml version="1.0" encoding="UTF-8"?>
<!-- Generated by org.testng.reporters.JUnitReportReporter -->
<testsuite hostname="RAQIBHR" failures="0" tests="1" name="testcases.TC0001_Register" time="75.068" errors="0" timestamp="2022-07-12T00:40:25 BDT" skipped="0">
  <testcase classname="testcases.TC0001_Register" name="testlocation" time="75.068"/>
  <system-out/>
</testsuite> <!-- testcases.TC0001_Register -->
