<?xml version="1.0" encoding="UTF-8"?>
<!-- Generated by org.testng.reporters.JUnitReportReporter -->
<testsuite hostname="RAQIBHR" failures="0" tests="1" name="testcases.TC0002_LoginAndCartOperation" time="135.840" errors="0" timestamp="2022-07-12T00:33:46 BDT" skipped="0">
  <testcase classname="testcases.TC0002_LoginAndCartOperation" name="testlocation" time="135.840"/>
  <system-out/>
</testsuite> <!-- testcases.TC0002_LoginAndCartOperation -->
